This file contains any messages produced by compilers while
running configure, to aid debugging if configure makes a mistake.

It was created by reciteword configure 0.8.4, which was
generated by GNU Autoconf 2.61.  Invocation command line was

  $ ./configure --prefix=/usr

## --------- ##
## Platform. ##
## --------- ##

hostname = Alex-MBP.local
uname -m = x86_64
uname -r = 11.1.0
uname -s = Darwin
uname -v = Darwin Kernel Version 11.1.0: Tue Jul 26 16:07:11 PDT 2011; root:xnu-1699.22.81~1/RELEASE_X86_64

/usr/bin/uname -p = i386
/bin/uname -X     = unknown

/bin/arch              = unknown
/usr/bin/arch -k       = unknown
/usr/convex/getsysinfo = unknown
/usr/bin/hostinfo      = Mach kernel version:
	 Darwin Kernel Version 11.1.0: Tue Jul 26 16:07:11 PDT 2011; root:xnu-1699.22.81~1/RELEASE_X86_64
Kernel configured for up to 2 processors.
2 processors are physically available.
2 processors are logically available.
Processor type: i486 (Intel 80486)
Processors active: 0 1
Primary memory available: 8.00 gigabytes
Default processor set: 116 tasks, 492 threads, 2 processors
Load average: 2.04, Mach factor: 0.52
/bin/machine           = unknown
/usr/bin/oslevel       = unknown
/bin/universe          = unknown

PATH: /opt/local/bin
PATH: /opt/local/sbin
PATH: /Users/Alex/bin
PATH: /Users/Alex/android/dex2jar-bin
PATH: /Users/Alex/android/android-ndk-r6b
PATH: /Users/Alex/android/android-sdk-mac_x86/tools
PATH: /Users/Alex/android/android-sdk-mac_x86/platform-tools
PATH: /usr/local/bin
PATH: /usr/bin
PATH: /bin
PATH: /usr/sbin
PATH: /sbin
PATH: /usr/X11/bin
PATH: /usr/local/MacGPG2/bin
PATH: /Users/Alex/.rvm/bin


## ----------- ##
## Core tests. ##
## ----------- ##

configure:2037: checking for a BSD-compatible install
configure:2093: result: /usr/bin/install -c
configure:2104: checking whether build environment is sane
configure:2147: result: yes
configure:2175: checking for a thread-safe mkdir -p
configure:2214: result: ./install-sh -c -d
configure:2227: checking for gawk
configure:2257: result: no
configure:2227: checking for mawk
configure:2257: result: no
configure:2227: checking for nawk
configure:2257: result: no
configure:2227: checking for awk
configure:2243: found /usr/bin/awk
configure:2254: result: awk
configure:2265: checking whether make sets $(MAKE)
configure:2286: result: yes
configure:2475: checking whether to enable maintainer-specific portions of Makefiles
configure:2484: result: no
configure:2537: checking for style of include used by make
configure:2565: result: GNU
configure:2635: checking for gcc
configure:2651: found /usr/bin/gcc
configure:2662: result: gcc
configure:2900: checking for C compiler version
configure:2907: gcc --version >&5
i686-apple-darwin11-llvm-gcc-4.2 (GCC) 4.2.1 (Based on Apple Inc. build 5658) (LLVM build 2335.15.00)
Copyright (C) 2007 Free Software Foundation, Inc.
This is free software; see the source for copying conditions.  There is NO
warranty; not even for MERCHANTABILITY or FITNESS FOR A PARTICULAR PURPOSE.

configure:2910: $? = 0
configure:2917: gcc -v >&5
Using built-in specs.
Target: i686-apple-darwin11
Configured with: /private/var/tmp/llvmgcc42/llvmgcc42-2335.15~25/src/configure --disable-checking --enable-werror --prefix=/Developer/usr/llvm-gcc-4.2 --mandir=/share/man --enable-languages=c,objc,c++,obj-c++ --program-prefix=llvm- --program-transform-name=/^[cg][^.-]*$/s/$/-4.2/ --with-slibdir=/usr/lib --build=i686-apple-darwin11 --enable-llvm=/private/var/tmp/llvmgcc42/llvmgcc42-2335.15~25/dst-llvmCore/Developer/usr/local --program-prefix=i686-apple-darwin11- --host=x86_64-apple-darwin11 --target=i686-apple-darwin11 --with-gxx-include-dir=/usr/include/c++/4.2.1
Thread model: posix
gcc version 4.2.1 (Based on Apple Inc. build 5658) (LLVM build 2335.15.00)
configure:2920: $? = 0
configure:2927: gcc -V >&5
llvm-gcc-4.2: argument to `-V' is missing
configure:2930: $? = 1
configure:2953: checking for C compiler default output file name
configure:2980: gcc    conftest.c  >&5
configure:2983: $? = 0
configure:3021: result: a.out
configure:3038: checking whether the C compiler works
configure:3048: ./a.out
configure:3051: $? = 0
configure:3068: result: yes
configure:3075: checking whether we are cross compiling
configure:3077: result: no
configure:3080: checking for suffix of executables
configure:3087: gcc -o conftest    conftest.c  >&5
configure:3090: $? = 0
configure:3114: result: 
configure:3120: checking for suffix of object files
configure:3146: gcc -c   conftest.c >&5
configure:3149: $? = 0
configure:3172: result: o
configure:3176: checking whether we are using the GNU C compiler
configure:3205: gcc -c   conftest.c >&5
configure:3211: $? = 0
configure:3228: result: yes
configure:3233: checking whether gcc accepts -g
configure:3263: gcc -c -g  conftest.c >&5
configure:3269: $? = 0
configure:3368: result: yes
configure:3385: checking for gcc option to accept ISO C89
configure:3459: gcc  -c -g -O2  conftest.c >&5
configure:3465: $? = 0
configure:3488: result: none needed
configure:3508: checking dependency style of gcc
configure:3599: result: gcc3
configure:3627: checking for intltool >= 0.22
configure:3634: result: 0.36.2 found
configure:3692: checking for perl
configure:3710: found /opt/local/bin/perl
configure:3722: result: /opt/local/bin/perl
configure:3741: checking for XML::Parser
configure:3744: result: ok
configure:3781: gcc -o conftest -g -O2   conftest.c  >&5
Undefined symbols for architecture x86_64:
  "__nl_msg_cat_cntr", referenced from:
      _main in ccamwH70.o
ld: symbol(s) not found for architecture x86_64
collect2: ld returned 1 exit status
configure:3787: $? = 1
configure: failed program was:
| /* confdefs.h.  */
| #define PACKAGE_NAME "reciteword"
| #define PACKAGE_TARNAME "reciteword"
| #define PACKAGE_VERSION "0.8.4"
| #define PACKAGE_STRING "reciteword 0.8.4"
| #define PACKAGE_BUGREPORT "http://reciteword.cosoft.org.cn"
| #define PACKAGE "reciteword"
| #define VERSION "0.8.4"
| /* end confdefs.h.  */
| 
| int
| main ()
| {
| extern int _nl_msg_cat_cntr;
|                        return _nl_msg_cat_cntr
|   ;
|   return 0;
| }
configure:3961: checking build system type
configure:3979: result: i386-apple-darwin11.1.0
configure:4001: checking host system type
configure:4016: result: i386-apple-darwin11.1.0
configure:4038: checking for a sed that does not truncate output
configure:4094: result: /usr/bin/sed
configure:4097: checking for grep that handles long lines and -e
configure:4171: result: /usr/bin/grep
configure:4176: checking for egrep
configure:4254: result: /usr/bin/grep -E
configure:4270: checking for ld used by gcc
configure:4337: result: /usr/llvm-gcc-4.2/libexec/gcc/i686-apple-darwin11/4.2.1/ld
configure:4346: checking if the linker (/usr/llvm-gcc-4.2/libexec/gcc/i686-apple-darwin11/4.2.1/ld) is GNU ld
configure:4361: result: no
configure:4366: checking for /usr/llvm-gcc-4.2/libexec/gcc/i686-apple-darwin11/4.2.1/ld option to reload object files
configure:4373: result: -r
configure:4391: checking for BSD-compatible nm
configure:4440: result: /usr/bin/nm
configure:4444: checking whether ln -s works
configure:4448: result: yes
configure:4455: checking how to recognize dependent libraries
configure:4641: result: pass_all
configure:4882: checking how to run the C preprocessor
configure:4922: gcc -E  conftest.c
configure:4928: $? = 0
configure:4959: gcc -E  conftest.c
conftest.c:10:28: error: ac_nonexistent.h: No such file or directory
configure:4965: $? = 1
configure: failed program was:
| /* confdefs.h.  */
| #define PACKAGE_NAME "reciteword"
| #define PACKAGE_TARNAME "reciteword"
| #define PACKAGE_VERSION "0.8.4"
| #define PACKAGE_STRING "reciteword 0.8.4"
| #define PACKAGE_BUGREPORT "http://reciteword.cosoft.org.cn"
| #define PACKAGE "reciteword"
| #define VERSION "0.8.4"
| /* end confdefs.h.  */
| #include <ac_nonexistent.h>
configure:4998: result: gcc -E
configure:5027: gcc -E  conftest.c
configure:5033: $? = 0
configure:5064: gcc -E  conftest.c
conftest.c:10:28: error: ac_nonexistent.h: No such file or directory
configure:5070: $? = 1
configure: failed program was:
| /* confdefs.h.  */
| #define PACKAGE_NAME "reciteword"
| #define PACKAGE_TARNAME "reciteword"
| #define PACKAGE_VERSION "0.8.4"
| #define PACKAGE_STRING "reciteword 0.8.4"
| #define PACKAGE_BUGREPORT "http://reciteword.cosoft.org.cn"
| #define PACKAGE "reciteword"
| #define VERSION "0.8.4"
| /* end confdefs.h.  */
| #include <ac_nonexistent.h>
configure:5108: checking for ANSI C header files
configure:5138: gcc -c -g -O2  conftest.c >&5
configure:5144: $? = 0
configure:5243: gcc -o conftest -g -O2   conftest.c  >&5
configure:5246: $? = 0
configure:5252: ./conftest
configure:5255: $? = 0
configure:5272: result: yes
configure:5296: checking for sys/types.h
configure:5317: gcc -c -g -O2  conftest.c >&5
configure:5323: $? = 0
configure:5339: result: yes
configure:5296: checking for sys/stat.h
configure:5317: gcc -c -g -O2  conftest.c >&5
configure:5323: $? = 0
configure:5339: result: yes
configure:5296: checking for stdlib.h
configure:5317: gcc -c -g -O2  conftest.c >&5
configure:5323: $? = 0
configure:5339: result: yes
configure:5296: checking for string.h
configure:5317: gcc -c -g -O2  conftest.c >&5
configure:5323: $? = 0
configure:5339: result: yes
configure:5296: checking for memory.h
configure:5317: gcc -c -g -O2  conftest.c >&5
configure:5323: $? = 0
configure:5339: result: yes
configure:5296: checking for strings.h
configure:5317: gcc -c -g -O2  conftest.c >&5
configure:5323: $? = 0
configure:5339: result: yes
configure:5296: checking for inttypes.h
configure:5317: gcc -c -g -O2  conftest.c >&5
configure:5323: $? = 0
configure:5339: result: yes
configure:5296: checking for stdint.h
configure:5317: gcc -c -g -O2  conftest.c >&5
configure:5323: $? = 0
configure:5339: result: yes
configure:5296: checking for unistd.h
configure:5317: gcc -c -g -O2  conftest.c >&5
configure:5323: $? = 0
configure:5339: result: yes
configure:5366: checking dlfcn.h usability
configure:5383: gcc -c -g -O2  conftest.c >&5
configure:5389: $? = 0
configure:5403: result: yes
configure:5407: checking dlfcn.h presence
configure:5422: gcc -E  conftest.c
configure:5428: $? = 0
configure:5442: result: yes
configure:5475: checking for dlfcn.h
configure:5483: result: yes
configure:5554: checking for g++
configure:5570: found /usr/bin/g++
configure:5581: result: g++
configure:5612: checking for C++ compiler version
configure:5619: g++ --version >&5
i686-apple-darwin11-llvm-g++-4.2 (GCC) 4.2.1 (Based on Apple Inc. build 5658) (LLVM build 2335.15.00)
Copyright (C) 2007 Free Software Foundation, Inc.
This is free software; see the source for copying conditions.  There is NO
warranty; not even for MERCHANTABILITY or FITNESS FOR A PARTICULAR PURPOSE.

configure:5622: $? = 0
configure:5629: g++ -v >&5
Using built-in specs.
Target: i686-apple-darwin11
Configured with: /private/var/tmp/llvmgcc42/llvmgcc42-2335.15~25/src/configure --disable-checking --enable-werror --prefix=/Developer/usr/llvm-gcc-4.2 --mandir=/share/man --enable-languages=c,objc,c++,obj-c++ --program-prefix=llvm- --program-transform-name=/^[cg][^.-]*$/s/$/-4.2/ --with-slibdir=/usr/lib --build=i686-apple-darwin11 --enable-llvm=/private/var/tmp/llvmgcc42/llvmgcc42-2335.15~25/dst-llvmCore/Developer/usr/local --program-prefix=i686-apple-darwin11- --host=x86_64-apple-darwin11 --target=i686-apple-darwin11 --with-gxx-include-dir=/usr/include/c++/4.2.1
Thread model: posix
gcc version 4.2.1 (Based on Apple Inc. build 5658) (LLVM build 2335.15.00)
configure:5632: $? = 0
configure:5639: g++ -V >&5
llvm-g++-4.2: argument to `-V' is missing
configure:5642: $? = 1
configure:5645: checking whether we are using the GNU C++ compiler
configure:5674: g++ -c   conftest.cpp >&5
configure:5680: $? = 0
configure:5697: result: yes
configure:5702: checking whether g++ accepts -g
configure:5732: g++ -c -g  conftest.cpp >&5
configure:5738: $? = 0
configure:5837: result: yes
configure:5862: checking dependency style of g++
configure:5953: result: gcc3
configure:5978: checking how to run the C++ preprocessor
configure:6014: g++ -E  conftest.cpp
configure:6020: $? = 0
configure:6051: g++ -E  conftest.cpp
conftest.cpp:21:28: error: ac_nonexistent.h: No such file or directory
configure:6057: $? = 1
configure: failed program was:
| /* confdefs.h.  */
| #define PACKAGE_NAME "reciteword"
| #define PACKAGE_TARNAME "reciteword"
| #define PACKAGE_VERSION "0.8.4"
| #define PACKAGE_STRING "reciteword 0.8.4"
| #define PACKAGE_BUGREPORT "http://reciteword.cosoft.org.cn"
| #define PACKAGE "reciteword"
| #define VERSION "0.8.4"
| #define STDC_HEADERS 1
| #define HAVE_SYS_TYPES_H 1
| #define HAVE_SYS_STAT_H 1
| #define HAVE_STDLIB_H 1
| #define HAVE_STRING_H 1
| #define HAVE_MEMORY_H 1
| #define HAVE_STRINGS_H 1
| #define HAVE_INTTYPES_H 1
| #define HAVE_STDINT_H 1
| #define HAVE_UNISTD_H 1
| #define HAVE_DLFCN_H 1
| /* end confdefs.h.  */
| #include <ac_nonexistent.h>
configure:6090: result: g++ -E
configure:6119: g++ -E  conftest.cpp
configure:6125: $? = 0
configure:6156: g++ -E  conftest.cpp
conftest.cpp:21:28: error: ac_nonexistent.h: No such file or directory
configure:6162: $? = 1
configure: failed program was:
| /* confdefs.h.  */
| #define PACKAGE_NAME "reciteword"
| #define PACKAGE_TARNAME "reciteword"
| #define PACKAGE_VERSION "0.8.4"
| #define PACKAGE_STRING "reciteword 0.8.4"
| #define PACKAGE_BUGREPORT "http://reciteword.cosoft.org.cn"
| #define PACKAGE "reciteword"
| #define VERSION "0.8.4"
| #define STDC_HEADERS 1
| #define HAVE_SYS_TYPES_H 1
| #define HAVE_SYS_STAT_H 1
| #define HAVE_STDLIB_H 1
| #define HAVE_STRING_H 1
| #define HAVE_MEMORY_H 1
| #define HAVE_STRINGS_H 1
| #define HAVE_INTTYPES_H 1
| #define HAVE_STDINT_H 1
| #define HAVE_UNISTD_H 1
| #define HAVE_DLFCN_H 1
| /* end confdefs.h.  */
| #include <ac_nonexistent.h>
configure:6255: checking for g77
configure:6285: result: no
configure:6255: checking for xlf
configure:6285: result: no
configure:6255: checking for f77
configure:6285: result: no
configure:6255: checking for frt
configure:6285: result: no
configure:6255: checking for pgf77
configure:6285: result: no
configure:6255: checking for cf77
configure:6285: result: no
configure:6255: checking for fort77
configure:6285: result: no
configure:6255: checking for fl32
configure:6285: result: no
configure:6255: checking for af77
configure:6285: result: no
configure:6255: checking for xlf90
configure:6285: result: no
configure:6255: checking for f90
configure:6285: result: no
configure:6255: checking for pgf90
configure:6285: result: no
configure:6255: checking for pghpf
configure:6285: result: no
configure:6255: checking for epcf90
configure:6285: result: no
configure:6255: checking for gfortran
configure:6285: result: no
configure:6255: checking for g95
configure:6285: result: no
configure:6255: checking for xlf95
configure:6285: result: no
configure:6255: checking for f95
configure:6285: result: no
configure:6255: checking for fort
configure:6285: result: no
configure:6255: checking for ifort
configure:6285: result: no
configure:6255: checking for ifc
configure:6285: result: no
configure:6255: checking for efc
configure:6285: result: no
configure:6255: checking for pgf95
configure:6285: result: no
configure:6255: checking for lf95
configure:6285: result: no
configure:6255: checking for ftn
configure:6285: result: no
configure:6312: checking for Fortran 77 compiler version
configure:6319:  --version >&5
./configure: line 6320: --version: command not found
configure:6322: $? = 127
configure:6329:  -v >&5
./configure: line 6330: -v: command not found
configure:6332: $? = 127
configure:6339:  -V >&5
./configure: line 6340: -V: command not found
configure:6342: $? = 127
configure:6350: checking whether we are using the GNU Fortran 77 compiler
configure:6369:  -c  conftest.F >&5
./configure: line 6370: -c: command not found
configure:6375: $? = 127
configure: failed program was:
|       program main
| #ifndef __GNUC__
|        choke me
| #endif
| 
|       end
configure:6392: result: no
configure:6398: checking whether  accepts -g
configure:6415:  -c -g conftest.f >&5
./configure: line 6416: -c: command not found
configure:6421: $? = 127
configure: failed program was:
|       program main
| 
|       end
configure:6437: result: no
configure:6467: checking the maximum length of command line arguments
configure:6579: result: 196608
configure:6591: checking command to parse /usr/bin/nm output from gcc object
configure:6696: gcc -c -g -O2  conftest.c >&5
configure:6699: $? = 0
configure:6703: /usr/bin/nm conftest.o \| sed -n -e 's/^.*[ 	]\([BCDEGRST][BCDEGRST]*\)[ 	][ 	]*\([_A-Za-z][_A-Za-z0-9]*\)$/\1 \2 \2/p' \> conftest.nm
configure:6706: $? = 0
cannot find nm_test_var in conftest.nm
configure:6696: gcc -c -g -O2  conftest.c >&5
configure:6699: $? = 0
configure:6703: /usr/bin/nm conftest.o \| sed -n -e 's/^.*[ 	]\([BCDEGRST][BCDEGRST]*\)[ 	][ 	]*_\([_A-Za-z][_A-Za-z0-9]*\)$/\1 _\2 \2/p' \> conftest.nm
configure:6706: $? = 0
configure:6758: gcc -o conftest -g -O2   conftest.c conftstm.o >&5
configure:6761: $? = 0
configure:6799: result: ok
configure:6803: checking for objdir
configure:6818: result: .libs
configure:6910: checking for ar
configure:6926: found /usr/bin/ar
configure:6937: result: ar
configure:7006: checking for ranlib
configure:7022: found /usr/bin/ranlib
configure:7033: result: ranlib
configure:7102: checking for strip
configure:7118: found /usr/bin/strip
configure:7129: result: strip
configure:7415: checking if gcc supports -fno-rtti -fno-exceptions
configure:7433: gcc -c -g -O2  -fno-rtti -fno-exceptions conftest.c >&5
cc1: warning: command line option "-fno-rtti" is valid for C++/ObjC++ but not for C
configure:7437: $? = 0
configure:7450: result: no
configure:7465: checking for gcc option to produce PIC
configure:7697: result: -fno-common
configure:7705: checking if gcc PIC flag -fno-common works
configure:7723: gcc -c -g -O2  -fno-common -DPIC conftest.c >&5
configure:7727: $? = 0
configure:7740: result: yes
configure:7768: checking if gcc static flag -static works
configure:7796: result: no
configure:7806: checking if gcc supports -c -o file.o
configure:7827: gcc -c -g -O2  -o out/conftest2.o conftest.c >&5
configure:7831: $? = 0
configure:7853: result: yes
configure:7879: checking whether the gcc linker (/usr/llvm-gcc-4.2/libexec/gcc/i686-apple-darwin11/4.2.1/ld) supports shared libraries
configure:8859: result: yes
configure:8926: checking dynamic linker characteristics
configure:9530: result: darwin11.1.0 dyld
configure:9539: checking how to hardcode library paths into programs
configure:9564: result: immediate
configure:9578: checking whether stripping libraries is possible
configure:9592: result: yes
configure:10385: checking if libtool supports shared libraries
configure:10387: result: yes
configure:10390: checking whether to build shared libraries
configure:10411: result: yes
configure:10414: checking whether to build static libraries
configure:10418: result: no
configure:10511: creating libtool
configure:11099: checking for ld used by g++
configure:11166: result: /usr/llvm-gcc-4.2/libexec/gcc/i686-apple-darwin11/4.2.1/ld
configure:11175: checking if the linker (/usr/llvm-gcc-4.2/libexec/gcc/i686-apple-darwin11/4.2.1/ld) is GNU ld
configure:11190: result: no
configure:11241: checking whether the g++ linker (/usr/llvm-gcc-4.2/libexec/gcc/i686-apple-darwin11/4.2.1/ld) supports shared libraries
configure:12215: result: yes
configure:12233: g++ -c -g -O2  conftest.cpp >&5
configure:12236: $? = 0
configure:12388: checking for g++ option to produce PIC
configure:12672: result: -fno-common
configure:12680: checking if g++ PIC flag -fno-common works
configure:12698: g++ -c -g -O2  -fno-common -DPIC conftest.cpp >&5
configure:12702: $? = 0
configure:12715: result: yes
configure:12743: checking if g++ static flag -static works
configure:12771: result: no
configure:12781: checking if g++ supports -c -o file.o
configure:12802: g++ -c -g -O2  -o out/conftest2.o conftest.cpp >&5
configure:12806: $? = 0
configure:12828: result: yes
configure:12854: checking whether the g++ linker (/usr/llvm-gcc-4.2/libexec/gcc/i686-apple-darwin11/4.2.1/ld) supports shared libraries
configure:12879: result: yes
configure:12946: checking dynamic linker characteristics
configure:13498: result: darwin11.1.0 dyld
configure:13507: checking how to hardcode library paths into programs
configure:13532: result: immediate
configure:19708: checking for library containing strerror
configure:19749: gcc -o conftest -g -O2   conftest.c  >&5
configure:19755: $? = 0
configure:19783: result: none required
configure:19839: checking for gcc
configure:19866: result: gcc
configure:20104: checking for C compiler version
configure:20111: gcc --version >&5
i686-apple-darwin11-llvm-gcc-4.2 (GCC) 4.2.1 (Based on Apple Inc. build 5658) (LLVM build 2335.15.00)
Copyright (C) 2007 Free Software Foundation, Inc.
This is free software; see the source for copying conditions.  There is NO
warranty; not even for MERCHANTABILITY or FITNESS FOR A PARTICULAR PURPOSE.

configure:20114: $? = 0
configure:20121: gcc -v >&5
Using built-in specs.
Target: i686-apple-darwin11
Configured with: /private/var/tmp/llvmgcc42/llvmgcc42-2335.15~25/src/configure --disable-checking --enable-werror --prefix=/Developer/usr/llvm-gcc-4.2 --mandir=/share/man --enable-languages=c,objc,c++,obj-c++ --program-prefix=llvm- --program-transform-name=/^[cg][^.-]*$/s/$/-4.2/ --with-slibdir=/usr/lib --build=i686-apple-darwin11 --enable-llvm=/private/var/tmp/llvmgcc42/llvmgcc42-2335.15~25/dst-llvmCore/Developer/usr/local --program-prefix=i686-apple-darwin11- --host=x86_64-apple-darwin11 --target=i686-apple-darwin11 --with-gxx-include-dir=/usr/include/c++/4.2.1
Thread model: posix
gcc version 4.2.1 (Based on Apple Inc. build 5658) (LLVM build 2335.15.00)
configure:20124: $? = 0
configure:20131: gcc -V >&5
llvm-gcc-4.2: argument to `-V' is missing
configure:20134: $? = 1
configure:20137: checking whether we are using the GNU C compiler
configure:20189: result: yes
configure:20194: checking whether gcc accepts -g
configure:20329: result: yes
configure:20346: checking for gcc option to accept ISO C89
configure:20449: result: none needed
configure:20469: checking dependency style of gcc
configure:20560: result: gcc3
configure:20691: checking for C++ compiler version
configure:20698: g++ --version >&5
i686-apple-darwin11-llvm-g++-4.2 (GCC) 4.2.1 (Based on Apple Inc. build 5658) (LLVM build 2335.15.00)
Copyright (C) 2007 Free Software Foundation, Inc.
This is free software; see the source for copying conditions.  There is NO
warranty; not even for MERCHANTABILITY or FITNESS FOR A PARTICULAR PURPOSE.

configure:20701: $? = 0
configure:20708: g++ -v >&5
Using built-in specs.
Target: i686-apple-darwin11
Configured with: /private/var/tmp/llvmgcc42/llvmgcc42-2335.15~25/src/configure --disable-checking --enable-werror --prefix=/Developer/usr/llvm-gcc-4.2 --mandir=/share/man --enable-languages=c,objc,c++,obj-c++ --program-prefix=llvm- --program-transform-name=/^[cg][^.-]*$/s/$/-4.2/ --with-slibdir=/usr/lib --build=i686-apple-darwin11 --enable-llvm=/private/var/tmp/llvmgcc42/llvmgcc42-2335.15~25/dst-llvmCore/Developer/usr/local --program-prefix=i686-apple-darwin11- --host=x86_64-apple-darwin11 --target=i686-apple-darwin11 --with-gxx-include-dir=/usr/include/c++/4.2.1
Thread model: posix
gcc version 4.2.1 (Based on Apple Inc. build 5658) (LLVM build 2335.15.00)
configure:20711: $? = 0
configure:20718: g++ -V >&5
llvm-g++-4.2: argument to `-V' is missing
configure:20721: $? = 1
configure:20724: checking whether we are using the GNU C++ compiler
configure:20776: result: yes
configure:20781: checking whether g++ accepts -g
configure:20916: result: yes
configure:20941: checking dependency style of g++
configure:21032: result: gcc3
configure:21060: checking for a BSD-compatible install
configure:21116: result: /usr/bin/install -c
configure:21127: checking whether make sets $(MAKE)
configure:21148: result: yes
configure:21182: checking locale.h usability
configure:21199: gcc -c -g -O2  conftest.c >&5
configure:21205: $? = 0
configure:21219: result: yes
configure:21223: checking locale.h presence
configure:21238: gcc -E  conftest.c
configure:21244: $? = 0
configure:21258: result: yes
configure:21291: checking for locale.h
configure:21299: result: yes
configure:21313: checking for LC_MESSAGES
configure:21339: gcc -o conftest -g -O2   conftest.c  >&5
configure:21345: $? = 0
configure:21362: result: yes
configure:21391: checking libintl.h usability
configure:21408: gcc -c -g -O2  conftest.c >&5
conftest.c:57:21: error: libintl.h: No such file or directory
configure:21414: $? = 1
configure: failed program was:
| /* confdefs.h.  */
| #define PACKAGE_NAME "reciteword"
| #define PACKAGE_TARNAME "reciteword"
| #define PACKAGE_VERSION "0.8.4"
| #define PACKAGE_STRING "reciteword 0.8.4"
| #define PACKAGE_BUGREPORT "http://reciteword.cosoft.org.cn"
| #define PACKAGE "reciteword"
| #define VERSION "0.8.4"
| #define STDC_HEADERS 1
| #define HAVE_SYS_TYPES_H 1
| #define HAVE_SYS_STAT_H 1
| #define HAVE_STDLIB_H 1
| #define HAVE_STRING_H 1
| #define HAVE_MEMORY_H 1
| #define HAVE_STRINGS_H 1
| #define HAVE_INTTYPES_H 1
| #define HAVE_STDINT_H 1
| #define HAVE_UNISTD_H 1
| #define HAVE_DLFCN_H 1
| #define GETTEXT_PACKAGE "reciteword"
| #define HAVE_LOCALE_H 1
| #define HAVE_LC_MESSAGES 1
| /* end confdefs.h.  */
| #include <stdio.h>
| #ifdef HAVE_SYS_TYPES_H
| # include <sys/types.h>
| #endif
| #ifdef HAVE_SYS_STAT_H
| # include <sys/stat.h>
| #endif
| #ifdef STDC_HEADERS
| # include <stdlib.h>
| # include <stddef.h>
| #else
| # ifdef HAVE_STDLIB_H
| #  include <stdlib.h>
| # endif
| #endif
| #ifdef HAVE_STRING_H
| # if !defined STDC_HEADERS && defined HAVE_MEMORY_H
| #  include <memory.h>
| # endif
| # include <string.h>
| #endif
| #ifdef HAVE_STRINGS_H
| # include <strings.h>
| #endif
| #ifdef HAVE_INTTYPES_H
| # include <inttypes.h>
| #endif
| #ifdef HAVE_STDINT_H
| # include <stdint.h>
| #endif
| #ifdef HAVE_UNISTD_H
| # include <unistd.h>
| #endif
| #include <libintl.h>
configure:21428: result: no
configure:21432: checking libintl.h presence
configure:21447: gcc -E  conftest.c
conftest.c:24:21: error: libintl.h: No such file or directory
configure:21453: $? = 1
configure: failed program was:
| /* confdefs.h.  */
| #define PACKAGE_NAME "reciteword"
| #define PACKAGE_TARNAME "reciteword"
| #define PACKAGE_VERSION "0.8.4"
| #define PACKAGE_STRING "reciteword 0.8.4"
| #define PACKAGE_BUGREPORT "http://reciteword.cosoft.org.cn"
| #define PACKAGE "reciteword"
| #define VERSION "0.8.4"
| #define STDC_HEADERS 1
| #define HAVE_SYS_TYPES_H 1
| #define HAVE_SYS_STAT_H 1
| #define HAVE_STDLIB_H 1
| #define HAVE_STRING_H 1
| #define HAVE_MEMORY_H 1
| #define HAVE_STRINGS_H 1
| #define HAVE_INTTYPES_H 1
| #define HAVE_STDINT_H 1
| #define HAVE_UNISTD_H 1
| #define HAVE_DLFCN_H 1
| #define GETTEXT_PACKAGE "reciteword"
| #define HAVE_LOCALE_H 1
| #define HAVE_LC_MESSAGES 1
| /* end confdefs.h.  */
| #include <libintl.h>
configure:21467: result: no
configure:21500: checking for libintl.h
configure:21507: result: no
configure:22742: checking for pkg-config
configure:22760: found /opt/local/bin/pkg-config
configure:22772: result: /opt/local/bin/pkg-config
configure:22801: checking pkg-config is at least version 0.9.0
configure:22804: result: yes
configure:22815: checking for RECITEWORD
configure:22823: $PKG_CONFIG --exists --print-errors "gtk+-2.0 >= 2.2.0 gthread-2.0 >= 2.2.0 esound"
configure:22826: $? = 0
configure:22841: $PKG_CONFIG --exists --print-errors "gtk+-2.0 >= 2.2.0 gthread-2.0 >= 2.2.0 esound"
configure:22844: $? = 0
configure:22920: result: yes
configure:23083: creating ./config.status

## ---------------------- ##
## Running config.status. ##
## ---------------------- ##

This file was extended by reciteword config.status 0.8.4, which was
generated by GNU Autoconf 2.61.  Invocation command line was

  CONFIG_FILES    = 
  CONFIG_HEADERS  = 
  CONFIG_LINKS    = 
  CONFIG_COMMANDS = 
  $ ./config.status 

on Alex-MBP.local

config.status:726: creating Makefile
config.status:726: creating po/Makefile.in
config.status:726: creating doc/Makefile
config.status:726: creating spec/Makefile
config.status:726: creating src/Makefile
config.status:726: creating src/tools/Makefile
config.status:726: creating src/modules/Makefile
config.status:726: creating src/skins/Makefile
config.status:726: creating src/skins/bdc/Makefile
config.status:726: creating src/win32/Makefile
config.status:726: creating src/win32/nsis/Makefile
config.status:726: creating config.h
config.status:1002: executing depfiles commands
config.status:1002: executing intltool commands
config.status:1002: executing default-1 commands
config.status:1002: executing po/stamp-it commands

## ---------------- ##
## Cache variables. ##
## ---------------- ##

ac_cv_build=i386-apple-darwin11.1.0
ac_cv_c_compiler_gnu=yes
ac_cv_cxx_compiler_gnu=yes
ac_cv_env_CCC_set=
ac_cv_env_CCC_value=
ac_cv_env_CC_set=
ac_cv_env_CC_value=
ac_cv_env_CFLAGS_set=
ac_cv_env_CFLAGS_value=
ac_cv_env_CPPFLAGS_set=
ac_cv_env_CPPFLAGS_value=
ac_cv_env_CPP_set=
ac_cv_env_CPP_value=
ac_cv_env_CXXCPP_set=
ac_cv_env_CXXCPP_value=
ac_cv_env_CXXFLAGS_set=
ac_cv_env_CXXFLAGS_value=
ac_cv_env_CXX_set=
ac_cv_env_CXX_value=
ac_cv_env_F77_set=
ac_cv_env_F77_value=
ac_cv_env_FFLAGS_set=
ac_cv_env_FFLAGS_value=
ac_cv_env_LDFLAGS_set=
ac_cv_env_LDFLAGS_value=
ac_cv_env_LIBS_set=
ac_cv_env_LIBS_value=
ac_cv_env_PKG_CONFIG_set=
ac_cv_env_PKG_CONFIG_value=
ac_cv_env_RECITEWORD_CFLAGS_set=
ac_cv_env_RECITEWORD_CFLAGS_value=
ac_cv_env_RECITEWORD_LIBS_set=
ac_cv_env_RECITEWORD_LIBS_value=
ac_cv_env_build_alias_set=
ac_cv_env_build_alias_value=
ac_cv_env_host_alias_set=
ac_cv_env_host_alias_value=
ac_cv_env_target_alias_set=
ac_cv_env_target_alias_value=
ac_cv_f77_compiler_gnu=no
ac_cv_header_dlfcn_h=yes
ac_cv_header_inttypes_h=yes
ac_cv_header_libintl_h=no
ac_cv_header_locale_h=yes
ac_cv_header_memory_h=yes
ac_cv_header_stdc=yes
ac_cv_header_stdint_h=yes
ac_cv_header_stdlib_h=yes
ac_cv_header_string_h=yes
ac_cv_header_strings_h=yes
ac_cv_header_sys_stat_h=yes
ac_cv_header_sys_types_h=yes
ac_cv_header_unistd_h=yes
ac_cv_host=i386-apple-darwin11.1.0
ac_cv_objext=o
ac_cv_path_EGREP='/usr/bin/grep -E'
ac_cv_path_GREP=/usr/bin/grep
ac_cv_path_INTLTOOL_PERL=/opt/local/bin/perl
ac_cv_path_ac_pt_PKG_CONFIG=/opt/local/bin/pkg-config
ac_cv_path_install='/usr/bin/install -c'
ac_cv_prog_AWK=awk
ac_cv_prog_CPP='gcc -E'
ac_cv_prog_CXXCPP='g++ -E'
ac_cv_prog_ac_ct_AR=ar
ac_cv_prog_ac_ct_CC=gcc
ac_cv_prog_ac_ct_CXX=g++
ac_cv_prog_ac_ct_RANLIB=ranlib
ac_cv_prog_ac_ct_STRIP=strip
ac_cv_prog_cc_c89=
ac_cv_prog_cc_g=yes
ac_cv_prog_cxx_g=yes
ac_cv_prog_f77_g=no
ac_cv_prog_make_make_set=yes
ac_cv_search_strerror='none required'
am_cv_CC_dependencies_compiler_type=gcc3
am_cv_CXX_dependencies_compiler_type=gcc3
am_cv_val_LC_MESSAGES=yes
gt_cv_have_gettext=no
lt_cv_deplibs_check_method=pass_all
lt_cv_file_magic_cmd='$MAGIC_CMD'
lt_cv_file_magic_test_file=
lt_cv_ld_reload_flag=-r
lt_cv_objdir=.libs
lt_cv_path_LD=/usr/llvm-gcc-4.2/libexec/gcc/i686-apple-darwin11/4.2.1/ld
lt_cv_path_LDCXX=/usr/llvm-gcc-4.2/libexec/gcc/i686-apple-darwin11/4.2.1/ld
lt_cv_path_NM=/usr/bin/nm
lt_cv_path_SED=/usr/bin/sed
lt_cv_prog_compiler_c_o=yes
lt_cv_prog_compiler_c_o_CXX=yes
lt_cv_prog_compiler_rtti_exceptions=no
lt_cv_prog_gnu_ld=no
lt_cv_prog_gnu_ldcxx=no
lt_cv_sys_global_symbol_pipe='sed -n -e '\''s/^.*[ 	]\([BCDEGRST][BCDEGRST]*\)[ 	][ 	]*_\([_A-Za-z][_A-Za-z0-9]*\)$/\1 _\2 \2/p'\'''
lt_cv_sys_global_symbol_to_c_name_address='sed -n -e '\''s/^: \([^ ]*\) $/  {\"\1\", (lt_ptr) 0},/p'\'' -e '\''s/^[BCDEGRST] \([^ ]*\) \([^ ]*\)$/  {"\2", (lt_ptr) \&\2},/p'\'''
lt_cv_sys_global_symbol_to_cdecl='sed -n -e '\''s/^. .* \(.*\)$/extern int \1;/p'\'''
lt_cv_sys_max_cmd_len=196608
lt_lt_cv_prog_compiler_c_o='"yes"'
lt_lt_cv_prog_compiler_c_o_CXX='"yes"'
lt_lt_cv_sys_global_symbol_pipe='"sed -n -e '\''s/^.*[ 	]\\([BCDEGRST][BCDEGRST]*\\)[ 	][ 	]*_\\([_A-Za-z][_A-Za-z0-9]*\\)\$/\\1 _\\2 \\2/p'\''"'
lt_lt_cv_sys_global_symbol_to_c_name_address='"sed -n -e '\''s/^: \\([^ ]*\\) \$/  {\\\"\\1\\\", (lt_ptr) 0},/p'\'' -e '\''s/^[BCDEGRST] \\([^ ]*\\) \\([^ ]*\\)\$/  {\"\\2\", (lt_ptr) \\&\\2},/p'\''"'
lt_lt_cv_sys_global_symbol_to_cdecl='"sed -n -e '\''s/^. .* \\(.*\\)\$/extern int \\1;/p'\''"'
pkg_cv_RECITEWORD_CFLAGS='-D_REENTRANT -I/opt/local/include/gtk-2.0 -I/opt/local/lib/gtk-2.0/include -I/opt/local/include/atk-1.0 -I/opt/local/include/cairo -I/opt/local/include/gdk-pixbuf-2.0 -I/opt/local/include/pango-1.0 -I/opt/local/include/gio-unix-2.0/ -I/opt/local/include -I/opt/local/include/glib-2.0 -I/opt/local/lib/glib-2.0/include -I/opt/local/include/pixman-1 -I/opt/local/include/freetype2 -I/opt/local/include/libpng14  '
pkg_cv_RECITEWORD_LIBS='-Wl,-framework,CoreAudio -L/opt/local/lib -lgtk-x11-2.0 -lgdk-x11-2.0 -latk-1.0 -lpangocairo-1.0 -lXext -lXrender -lXinerama -lXi -lXrandr -lXcursor -lXcomposite -lXdamage -lgdk_pixbuf-2.0 -lpangoft2-1.0 -lgio-2.0 -lXfixes -lcairo -lX11 -lpng14 -lpango-1.0 -lm -lfreetype -lfontconfig -lgobject-2.0 -lgmodule-2.0 -lgthread-2.0 -lglib-2.0 -lintl -lesd  '

## ----------------- ##
## Output variables. ##
## ----------------- ##

ACLOCAL='${SHELL} /Users/Alex/cpp/reciteword/reciteword/missing --run aclocal-1.10'
ALL_LINGUAS='zh_CN'
AMDEPBACKSLASH='\'
AMDEP_FALSE='#'
AMDEP_TRUE=''
AMTAR='${SHELL} /Users/Alex/cpp/reciteword/reciteword/missing --run tar'
AR='ar'
AUTOCONF='${SHELL} /Users/Alex/cpp/reciteword/reciteword/missing --run autoconf'
AUTOHEADER='${SHELL} /Users/Alex/cpp/reciteword/reciteword/missing --run autoheader'
AUTOMAKE='${SHELL} /Users/Alex/cpp/reciteword/reciteword/missing --run automake-1.10'
AWK='awk'
CATALOGS=''
CATOBJEXT='NONE'
CC='gcc'
CCDEPMODE='depmode=gcc3'
CFLAGS='-g -O2'
CPP='gcc -E'
CPPFLAGS=''
CXX='g++'
CXXCPP='g++ -E'
CXXDEPMODE='depmode=gcc3'
CXXFLAGS='-g -O2'
CYGPATH_W='echo'
DATADIRNAME='lib'
DEFS='-DHAVE_CONFIG_H'
DEPDIR='.deps'
ECHO='/bin/echo'
ECHO_C='ECHO_N=''
ECHO_T=''
EGREP='/usr/bin/grep -E'
EXEEXT=''
F77=''
FFLAGS=''
GETTEXT_PACKAGE='reciteword'
GMOFILES=' zh_CN.gmo'
GMSGFMT=''
GREP='/usr/bin/grep'
INSTALL_DATA='${INSTALL} -m 644'
INSTALL_PROGRAM='${INSTALL}'
INSTALL_SCRIPT='${INSTALL}'
INSTALL_STRIP_PROGRAM='$(install_sh) -c -s'
INSTOBJEXT=''
INTLLIBS=''
INTLTOOL_CAVES_RULE='%.caves:     %.caves.in     $(INTLTOOL_MERGE) $(wildcard $(top_srcdir)/po/*.po) ; LC_ALL=C $(INTLTOOL_MERGE) -d -u -c $(top_builddir)/po/.intltool-merge-cache $(top_srcdir)/po $< $@'
INTLTOOL_DESKTOP_RULE='%.desktop:   %.desktop.in   $(INTLTOOL_MERGE) $(wildcard $(top_srcdir)/po/*.po) ; LC_ALL=C $(INTLTOOL_MERGE) -d -u -c $(top_builddir)/po/.intltool-merge-cache $(top_srcdir)/po $< $@'
INTLTOOL_DIRECTORY_RULE='%.directory: %.directory.in $(INTLTOOL_MERGE) $(wildcard $(top_srcdir)/po/*.po) ; LC_ALL=C $(INTLTOOL_MERGE) -d -u -c $(top_builddir)/po/.intltool-merge-cache $(top_srcdir)/po $< $@'
INTLTOOL_EXTRACT='$(top_builddir)/intltool-extract'
INTLTOOL_KBD_RULE='%.kbd:       %.kbd.in       $(INTLTOOL_MERGE) $(wildcard $(top_srcdir)/po/*.po) ; LC_ALL=C $(INTLTOOL_MERGE) -x -u -m -c $(top_builddir)/po/.intltool-merge-cache $(top_srcdir)/po $< $@'
INTLTOOL_KEYS_RULE='%.keys:      %.keys.in      $(INTLTOOL_MERGE) $(wildcard $(top_srcdir)/po/*.po) ; LC_ALL=C $(INTLTOOL_MERGE) -k -u -c $(top_builddir)/po/.intltool-merge-cache $(top_srcdir)/po $< $@'
INTLTOOL_MERGE='$(top_builddir)/intltool-merge'
INTLTOOL_OAF_RULE='%.oaf:       %.oaf.in       $(INTLTOOL_MERGE) $(wildcard $(top_srcdir)/po/*.po) ; LC_ALL=C $(INTLTOOL_MERGE) -o -p $(top_srcdir)/po $< $@'
INTLTOOL_PERL='/opt/local/bin/perl'
INTLTOOL_POLICY_RULE='%.policy:    %.policy.in    $(INTLTOOL_MERGE) $(wildcard $(top_srcdir)/po/*.po) ; LC_ALL=C $(INTLTOOL_MERGE) -x -u -c $(top_builddir)/po/.intltool-merge-cache $(top_srcdir)/po $< $@'
INTLTOOL_PONG_RULE='%.pong:      %.pong.in      $(INTLTOOL_MERGE) $(wildcard $(top_srcdir)/po/*.po) ; LC_ALL=C $(INTLTOOL_MERGE) -x -u -c $(top_builddir)/po/.intltool-merge-cache $(top_srcdir)/po $< $@'
INTLTOOL_PROP_RULE='%.prop:      %.prop.in      $(INTLTOOL_MERGE) $(wildcard $(top_srcdir)/po/*.po) ; LC_ALL=C $(INTLTOOL_MERGE) -d -u -c $(top_builddir)/po/.intltool-merge-cache $(top_srcdir)/po $< $@'
INTLTOOL_SCHEMAS_RULE='%.schemas:   %.schemas.in   $(INTLTOOL_MERGE) $(wildcard $(top_srcdir)/po/*.po) ; LC_ALL=C $(INTLTOOL_MERGE) -s -u -c $(top_builddir)/po/.intltool-merge-cache $(top_srcdir)/po $< $@'
INTLTOOL_SERVER_RULE='%.server:    %.server.in    $(INTLTOOL_MERGE) $(wildcard $(top_srcdir)/po/*.po) ; LC_ALL=C $(INTLTOOL_MERGE) -o -u -c $(top_builddir)/po/.intltool-merge-cache $(top_srcdir)/po $< $@'
INTLTOOL_SERVICE_RULE='%.service: %.service.in   $(INTLTOOL_MERGE) $(wildcard $(top_srcdir)/po/*.po) ; LC_ALL=C $(INTLTOOL_MERGE) -d -u -c $(top_builddir)/po/.intltool-merge-cache $(top_srcdir)/po $< $@'
INTLTOOL_SHEET_RULE='%.sheet:     %.sheet.in     $(INTLTOOL_MERGE) $(wildcard $(top_srcdir)/po/*.po) ; LC_ALL=C $(INTLTOOL_MERGE) -x -u -c $(top_builddir)/po/.intltool-merge-cache $(top_srcdir)/po $< $@'
INTLTOOL_SOUNDLIST_RULE='%.soundlist: %.soundlist.in $(INTLTOOL_MERGE) $(wildcard $(top_srcdir)/po/*.po) ; LC_ALL=C $(INTLTOOL_MERGE) -d -u -c $(top_builddir)/po/.intltool-merge-cache $(top_srcdir)/po $< $@'
INTLTOOL_THEME_RULE='%.theme:     %.theme.in     $(INTLTOOL_MERGE) $(wildcard $(top_srcdir)/po/*.po) ; LC_ALL=C $(INTLTOOL_MERGE) -d -u -c $(top_builddir)/po/.intltool-merge-cache $(top_srcdir)/po $< $@'
INTLTOOL_UI_RULE='%.ui:        %.ui.in        $(INTLTOOL_MERGE) $(wildcard $(top_srcdir)/po/*.po) ; LC_ALL=C $(INTLTOOL_MERGE) -x -u -c $(top_builddir)/po/.intltool-merge-cache $(top_srcdir)/po $< $@'
INTLTOOL_UPDATE='$(top_builddir)/intltool-update'
INTLTOOL_XAM_RULE='%.xam:       %.xml.in       $(INTLTOOL_MERGE) $(wildcard $(top_srcdir)/po/*.po) ; LC_ALL=C $(INTLTOOL_MERGE) -x -u -c $(top_builddir)/po/.intltool-merge-cache $(top_srcdir)/po $< $@'
INTLTOOL_XML_NOMERGE_RULE='%.xml:       %.xml.in       $(INTLTOOL_MERGE) ; LC_ALL=C $(INTLTOOL_MERGE) -x -u /tmp $< $@'
INTLTOOL_XML_RULE='%.xml:       %.xml.in       $(INTLTOOL_MERGE) $(wildcard $(top_srcdir)/po/*.po) ; LC_ALL=C $(INTLTOOL_MERGE) -x -u -c $(top_builddir)/po/.intltool-merge-cache $(top_srcdir)/po $< $@'
LDFLAGS=''
LIBOBJS=''
LIBS=''
LIBTOOL='$(SHELL) $(top_builddir)/libtool'
LN_S='ln -s'
LTLIBOBJS=''
MAINT='#'
MAINTAINER_MODE_FALSE=''
MAINTAINER_MODE_TRUE='#'
MAKEINFO='${SHELL} /Users/Alex/cpp/reciteword/reciteword/missing --run makeinfo'
MKINSTALLDIRS='./mkinstalldirs'
MSGFMT=''
MSGFMT_OPTS=''
OBJEXT='o'
PACKAGE='reciteword'
PACKAGE_BUGREPORT='http://reciteword.cosoft.org.cn'
PACKAGE_NAME='reciteword'
PACKAGE_STRING='reciteword 0.8.4'
PACKAGE_TARNAME='reciteword'
PACKAGE_VERSION='0.8.4'
PATH_SEPARATOR=':'
PKG_CONFIG='/opt/local/bin/pkg-config'
POFILES=' zh_CN.po'
POSUB='po'
PO_IN_DATADIR_FALSE=''
PO_IN_DATADIR_TRUE=''
RANLIB='ranlib'
RECITEWORD_CFLAGS='	-Wall 	-D_REENTRANT -I/opt/local/include/gtk-2.0 -I/opt/local/lib/gtk-2.0/include -I/opt/local/include/atk-1.0 -I/opt/local/include/cairo -I/opt/local/include/gdk-pixbuf-2.0 -I/opt/local/include/pango-1.0 -I/opt/local/include/gio-unix-2.0/ -I/opt/local/include -I/opt/local/include/glib-2.0 -I/opt/local/lib/glib-2.0/include -I/opt/local/include/pixman-1 -I/opt/local/include/freetype2 -I/opt/local/include/libpng14  '
RECITEWORD_LIBS='-Wl,-framework,CoreAudio -L/opt/local/lib -lgtk-x11-2.0 -lgdk-x11-2.0 -latk-1.0 -lpangocairo-1.0 -lXext -lXrender -lXinerama -lXi -lXrandr -lXcursor -lXcomposite -lXdamage -lgdk_pixbuf-2.0 -lpangoft2-1.0 -lgio-2.0 -lXfixes -lcairo -lX11 -lpng14 -lpango-1.0 -lm -lfreetype -lfontconfig -lgobject-2.0 -lgmodule-2.0 -lgthread-2.0 -lglib-2.0 -lintl -lesd  '
SED='/usr/bin/sed'
SET_MAKE=''
SHELL='/bin/sh'
STRIP='strip'
USE_NLS='yes'
VERSION='0.8.4'
XGETTEXT=':'
ac_ct_CC='gcc'
ac_ct_CXX='g++'
ac_ct_F77=''
am__fastdepCC_FALSE='#'
am__fastdepCC_TRUE=''
am__fastdepCXX_FALSE='#'
am__fastdepCXX_TRUE=''
am__include='include'
am__isrc=''
am__leading_dot='.'
am__quote=''
am__tar='${AMTAR} chof - "$$tardir"'
am__untar='${AMTAR} xf -'
bindir='${exec_prefix}/bin'
build='i386-apple-darwin11.1.0'
build_alias=''
build_cpu='i386'
build_os='darwin11.1.0'
build_vendor='apple'
datadir='${datarootdir}'
datarootdir='${prefix}/share'
docdir='${datarootdir}/doc/${PACKAGE_TARNAME}'
dvidir='${docdir}'
exec_prefix='${prefix}'
host='i386-apple-darwin11.1.0'
host_alias=''
host_cpu='i386'
host_os='darwin11.1.0'
host_vendor='apple'
htmldir='${docdir}'
includedir='${prefix}/include'
infodir='${datarootdir}/info'
install_sh='$(SHELL) /Users/Alex/cpp/reciteword/reciteword/install-sh'
libdir='${exec_prefix}/lib'
libexecdir='${exec_prefix}/libexec'
localedir='${datarootdir}/locale'
localstatedir='${prefix}/var'
mandir='${datarootdir}/man'
mkdir_p='$(top_builddir)/./install-sh -c -d'
oldincludedir='/usr/include'
pdfdir='${docdir}'
prefix='/usr'
program_transform_name='s,x,x,'
psdir='${docdir}'
sbindir='${exec_prefix}/sbin'
sharedstatedir='${prefix}/com'
sysconfdir='${prefix}/etc'
target_alias=''

## ----------- ##
## confdefs.h. ##
## ----------- ##

#define PACKAGE_NAME "reciteword"
#define PACKAGE_TARNAME "reciteword"
#define PACKAGE_VERSION "0.8.4"
#define PACKAGE_STRING "reciteword 0.8.4"
#define PACKAGE_BUGREPORT "http://reciteword.cosoft.org.cn"
#define PACKAGE "reciteword"
#define VERSION "0.8.4"
#define STDC_HEADERS 1
#define HAVE_SYS_TYPES_H 1
#define HAVE_SYS_STAT_H 1
#define HAVE_STDLIB_H 1
#define HAVE_STRING_H 1
#define HAVE_MEMORY_H 1
#define HAVE_STRINGS_H 1
#define HAVE_INTTYPES_H 1
#define HAVE_STDINT_H 1
#define HAVE_UNISTD_H 1
#define HAVE_DLFCN_H 1
#define GETTEXT_PACKAGE "reciteword"
#define HAVE_LOCALE_H 1
#define HAVE_LC_MESSAGES 1

configure: exit 0
